<?xml version="1.0" encoding="UTF-8"?>
<!-- Generated by org.testng.reporters.JUnitXMLReporter -->
<testsuite ignored="0" hostname="DESKTOP-8QE1OVT" failures="0" tests="4" name="Default test" time="0.058" errors="0" timestamp="2020-11-12T14:33:03 IST">
  <testcase classname="testNGPractice.Groups" name="BrowserLaunch" time="0.008"/>
  <testcase classname="testNGPractice.Groups" name="login" time="0.001"/>
  <testcase classname="testNGPractice.Groups" name="viewAcc" time="0.002"/>
  <testcase classname="testNGPractice.Groups" name="close" time="0.001"/>
</testsuite> <!-- Default test -->
