<?xml version="1.0" encoding="UTF-8"?>
<!-- Generated by org.testng.reporters.JUnitXMLReporter -->
<testsuite ignored="0" hostname="DESKTOP-8QE1OVT" failures="0" tests="3" name="Test" time="0.059" errors="0" timestamp="2020-11-16T14:25:55 IST">
  <testcase classname="testNGPractice.TestNGparam2" name="Add" time="0.007"/>
  <testcase classname="testNGPractice.TestNGparam2" name="Divide" time="0.001"/>
  <testcase classname="testNGPractice.TestNGparam2" name="sub" time="0.001"/>
</testsuite> <!-- Test -->
