<?xml version="1.0" encoding="UTF-8"?>
<testng-results ignored="0" total="3" passed="3" failed="0" skipped="0">
  <reporter-output>
  </reporter-output>
  <suite started-at="2020-11-16T14:25:55 IST" name="Suite" finished-at="2020-11-16T14:25:55 IST" duration-ms="59">
    <groups>
    </groups>
    <test started-at="2020-11-16T14:25:55 IST" name="Test" finished-at="2020-11-16T14:25:55 IST" duration-ms="59">
      <class name="testNGPractice.TestNGparam2">
        <test-method signature="Add(int, int)[pri:0, instance:testNGPractice.TestNGparam2@7fc2413d]" started-at="2020-11-16T14:25:55 IST" name="Add" finished-at="2020-11-16T14:25:55 IST" duration-ms="7" status="PASS">
          <params>
            <param index="0">
              <value>
                <![CDATA[30]]>
              </value>
            </param>
            <param index="1">
              <value>
                <![CDATA[40]]>
              </value>
            </param>
          </params>
          <reporter-output>
          </reporter-output>
        </test-method> <!-- Add -->
        <test-method signature="Divide(int, int)[pri:0, instance:testNGPractice.TestNGparam2@7fc2413d]" started-at="2020-11-16T14:25:55 IST" name="Divide" finished-at="2020-11-16T14:25:55 IST" duration-ms="1" status="PASS">
          <params>
            <param index="0">
              <value>
                <![CDATA[30]]>
              </value>
            </param>
            <param index="1">
              <value>
                <![CDATA[40]]>
              </value>
            </param>
          </params>
          <reporter-output>
          </reporter-output>
        </test-method> <!-- Divide -->
        <test-method signature="sub(int, int)[pri:0, instance:testNGPractice.TestNGparam2@7fc2413d]" started-at="2020-11-16T14:25:55 IST" name="sub" finished-at="2020-11-16T14:25:55 IST" duration-ms="1" status="PASS">
          <params>
            <param index="0">
              <value>
                <![CDATA[30]]>
              </value>
            </param>
            <param index="1">
              <value>
                <![CDATA[40]]>
              </value>
            </param>
          </params>
          <reporter-output>
          </reporter-output>
        </test-method> <!-- sub -->
      </class> <!-- testNGPractice.TestNGparam2 -->
    </test> <!-- Test -->
  </suite> <!-- Suite -->
</testng-results>
